[15:07:11] [Client thread/INFO] [JMLogger] JourneyMap log initialized.
[15:07:11] [Client thread/INFO] [JourneymapClient] initialize ENTER
[15:07:11] [Client thread/INFO] [PropertiesBase] Loaded CoreProperties from /Users/haopuyang/Library/Application Support/PrismLauncher/instances/GT_New_Horizons_2.8.4_Java_17-25/.minecraft/journeymap/config/5.2/journeymap.core.config
[15:07:11] [Client thread/INFO] [PropertiesBase] Loaded FullMapProperties from /Users/haopuyang/Library/Application Support/PrismLauncher/instances/GT_New_Horizons_2.8.4_Java_17-25/.minecraft/journeymap/config/5.2/journeymap.fullmap.config
[15:07:11] [Client thread/INFO] [PropertiesBase] Loaded MiniMapProperties from /Users/haopuyang/Library/Application Support/PrismLauncher/instances/GT_New_Horizons_2.8.4_Java_17-25/.minecraft/journeymap/config/5.2/journeymap.minimap.config
[15:07:11] [Client thread/INFO] [PropertiesBase] Loaded MiniMapProperties2 from /Users/haopuyang/Library/Application Support/PrismLauncher/instances/GT_New_Horizons_2.8.4_Java_17-25/.minecraft/journeymap/config/5.2/journeymap.minimap2.config
[15:07:11] [Client thread/INFO] [PropertiesBase] Loaded WebMapProperties from /Users/haopuyang/Library/Application Support/PrismLauncher/instances/GT_New_Horizons_2.8.4_Java_17-25/.minecraft/journeymap/config/5.2/journeymap.webmap.config
[15:07:11] [Client thread/INFO] [PropertiesBase] Loaded WaypointProperties from /Users/haopuyang/Library/Application Support/PrismLauncher/instances/GT_New_Horizons_2.8.4_Java_17-25/.minecraft/journeymap/config/5.2/journeymap.waypoint.config
[15:07:11] [Client thread/INFO] [?] Version: JourneyMap 5.2.10 NoRadar, built with Forge 10.13.4.1614
Forge: 10.13.4.1614
Environment: os.name, os.arch, java.version, user.country, user.language=null, game language=en_US, locale=en_us
NoRadar Features: 
	RadarPlayers : singleplayer = true , multiplayer = false
	RadarAnimals : singleplayer = true , multiplayer = false
	RadarMobs : singleplayer = true , multiplayer = false
	RadarVillagers : singleplayer = true , multiplayer = false
	MapCaves : singleplayer = true , multiplayer = true
MiniMapProperties{entityIconSetName=2D, showAnimals=true, showMobs=true, showPets=true, showPlayers=true, showSelf=true, showVillagers=true, showWaypoints=true, zoomLevel=0, entityScale=100, entityBlur=true, fontScale=1, locationFormat=xzyv, locationFormatVerbose=true, showCaves=true, showWaypointLabels=true, showMobHeading=true, showPlayerHeading=true, textureSmall=true, active=true, compassFontScale=1, enabled=true, frameAlpha=100, name=minimap, orientation=North, position=Top Right, preferredMapType=night, reticleOrientation=Compass, shape=Circle, showBiome=true, showTime=false, timeFormat=day_12hr, showCompass=true, showFps=false, showLocation=true, showReticle=true, sizePercent=30, terrainAlpha=100}
MiniMapProperties2{enabled=true, shape=Rectangle, position=Top Center, showFps=false, showBiome=true, showTime=false, timeFormat=day_12hr, showLocation=true, showWaypointLabels=true, sizePercent=30, frameAlpha=60, terrainAlpha=60, orientation=My Heading, compassFontScale=1, showCompass=true, showReticle=true, reticleOrientation=Compass, preferredMapType=day, name=minimap2, id=2}
FullMapProperties{entityIconSetName=2D, showAnimals=true, showMobs=true, showPets=true, showPlayers=true, showSelf=true, showVillagers=true, showWaypoints=true, zoomLevel=0, entityScale=100, entityBlur=true, fontScale=1, locationFormat=xzyv, locationFormatVerbose=true, showCaves=true, showWaypointLabels=true, showMobHeading=true, showPlayerHeading=true, textureSmall=true, preferredMapType=day, showGrid=true}
WaypointProperties{autoHideLabel=true, beaconEnabled=true, boldLabel=false, createDeathpoints=true, fontScale=2, managerEnabled=true, maxDistance=0, name=waypoint, showDistance=true, showName=true, showRotatingBeam=true, showStaticBeam=true, showTexture=true, textureSmall=true}
WebMapProperties: , enabled=false, port=8080, showMobs=true, showAnimals=true, showVillagers=true, showPets=true, showPlayers=true, showWaypoints=true, entityIconSetName=2D, entityScale=100, entityBlur=true
CoreProperties{announceMod=true, autoMapPoll=2000, browserPoll=2000, cacheAnimalsData=3100, cacheMobsData=3000, cachePlayerData=1000, cachePlayersData=2000, cacheVillagersData=2200, caveIgnoreGlass=true, isUpdateCheckEnabled=true, renderDelay=2, hideSneakingEntities=true, logLevel=INFO, mapAntialiasing=true, mapBathymetry=false, mapCaveLighting=true, mapCrops=true, mapPlants=false, mapPlantShadows=false, mapSurfaceAboveCaves=true, tileHighDisplayQuality=true, mapTransparency=true, maxAnimalsData=32, maxMobsData=32, maxPlayersData=32, maxVillagersData=32, optionsManagerViewed=, radarLateralDistance=64, radarVerticalDistance=16, recordCacheStats=false, renderOverlayEventTypeName=ALL, renderOverlayPreEvent=true, renderDistanceCaveMin=3, renderDistanceCaveMax=3, renderDistanceSurfaceMin=4, renderDistanceSurfaceMax=7, revealShape=Circle, themeName=Victorian, tileRenderType=1}
[15:07:11] [Client thread/INFO] [JourneymapClient] initialize EXIT, elapsed count 0 avg NaNms
[15:07:20] [Client thread/INFO] [JourneymapClient] postInitialize ENTER
[15:07:20] [Client thread/DEBUG] [EventHandlerManager] journeymap.client.forge.event.ChatEventHandler registered in MinecraftForgeBus
[15:07:20] [Client thread/DEBUG] [EventHandlerManager] journeymap.client.forge.event.StateTickHandler registered in FMLCommonHandlerBus
[15:07:20] [Client thread/DEBUG] [EventHandlerManager] journeymap.client.forge.event.WorldEventHandler registered in MinecraftForgeBus
[15:07:20] [Client thread/DEBUG] [EventHandlerManager] journeymap.client.forge.event.ChunkUpdateHandler registered in MinecraftForgeBus
[15:07:20] [Client thread/DEBUG] [EventHandlerManager] journeymap.client.forge.event.WaypointBeaconHandler registered in MinecraftForgeBus
[15:07:20] [Client thread/DEBUG] [EventHandlerManager] journeymap.client.forge.event.TextureAtlasHandler registered in MinecraftForgeBus
[15:07:20] [Client thread/INFO] [WorldInfoHandler] Registered channel: world_info
[15:07:20] [Client thread/DEBUG] [EventHandlerManager] journeymap.client.forge.event.MiniMapOverlayHandler registered in MinecraftForgeBus
[15:07:20] [Client thread/DEBUG] [EventHandlerManager] journeymap.client.forge.event.KeyEventHandler registered in FMLCommonHandlerBus
[15:07:20] [Client thread/INFO] [IconSetFileHandler] Initializing icon sets...
[15:07:20] [Client thread/TRACE] [ThemeFileHandler] Initializing themes ...
[15:07:20] [Client thread/INFO] [JourneymapClient] postInitialize EXIT, elapsed§8 count §r1§8 avg §r409.52§8ms§r
[15:07:37] [Client thread/INFO] [ColorManager] Loading blocks and textures...
[15:07:37] [Client thread/INFO] [ModBlockDelegate] Registered IModBlockHandler journeymap.client.model.mod.BiomesOPlenty for: 'BlockMD [BiomesOPlenty:plants:0] (NoShadow,Plant,NoTopo)'.
[15:07:37] [Client thread/INFO] [ModBlockDelegate] Registered IModBlockHandler journeymap.client.model.mod.BiomesOPlenty for: 'BlockMD [BiomesOPlenty:plants:1] (NoShadow,Plant,NoTopo)'.
[15:07:37] [Client thread/INFO] [ModBlockDelegate] Registered IModBlockHandler journeymap.client.model.mod.BiomesOPlenty for: 'BlockMD [BiomesOPlenty:plants:2] (NoShadow,Plant,NoTopo)'.
[15:07:37] [Client thread/INFO] [ModBlockDelegate] Registered IModBlockHandler journeymap.client.model.mod.BiomesOPlenty for: 'BlockMD [BiomesOPlenty:plants:3] (NoShadow,Plant,NoTopo)'.
[15:07:37] [Client thread/INFO] [ModBlockDelegate] Registered IModBlockHandler journeymap.client.model.mod.BiomesOPlenty for: 'BlockMD [BiomesOPlenty:plants:4] (NoShadow,Plant,NoTopo)'.
[15:07:37] [Client thread/INFO] [ModBlockDelegate] Registered IModBlockHandler journeymap.client.model.mod.BiomesOPlenty for: 'BlockMD [BiomesOPlenty:plants:5] (NoShadow,Plant,NoTopo)'.
[15:07:37] [Client thread/INFO] [ModBlockDelegate] Registered IModBlockHandler journeymap.client.model.mod.BiomesOPlenty for: 'BlockMD [BiomesOPlenty:plants:6] (NoShadow,Plant,NoTopo)'.
[15:07:37] [Client thread/INFO] [ModBlockDelegate] Registered IModBlockHandler journeymap.client.model.mod.BiomesOPlenty for: 'BlockMD [BiomesOPlenty:plants:7] (NoShadow,Plant,NoTopo)'.
[15:07:37] [Client thread/INFO] [ModBlockDelegate] Registered IModBlockHandler journeymap.client.model.mod.BiomesOPlenty for: 'BlockMD [BiomesOPlenty:plants:8] (NoShadow,Plant,NoTopo)'.
[15:07:37] [Client thread/INFO] [ModBlockDelegate] Registered IModBlockHandler journeymap.client.model.mod.BiomesOPlenty for: 'BlockMD [BiomesOPlenty:plants:12] (NoShadow,Plant,NoTopo)'.
[15:07:37] [Client thread/INFO] [ModBlockDelegate] Registered IModBlockHandler journeymap.client.model.mod.BiomesOPlenty for: 'BlockMD [BiomesOPlenty:plants:13] (NoShadow,Plant,NoTopo)'.
[15:07:37] [Client thread/INFO] [ModBlockDelegate] Registered IModBlockHandler journeymap.client.model.mod.BiomesOPlenty for: 'BlockMD [BiomesOPlenty:plants:14] (NoShadow,Plant,NoTopo)'.
[15:07:37] [Client thread/INFO] [ModBlockDelegate] Registered IModBlockHandler journeymap.client.model.mod.BiomesOPlenty for: 'BlockMD [BiomesOPlenty:plants:15] (NoShadow,Plant,NoTopo)'.
[15:07:37] [Client thread/INFO] [ModBlockDelegate] Registered IModBlockHandler journeymap.client.model.mod.BiomesOPlenty for: 'BlockMD [BiomesOPlenty:flowers:0] (NoShadow,Plant,NoTopo)'.
[15:07:37] [Client thread/INFO] [ModBlockDelegate] Registered IModBlockHandler journeymap.client.model.mod.BiomesOPlenty for: 'BlockMD [BiomesOPlenty:flowers:1] (NoShadow,Plant,NoTopo)'.
[15:07:37] [Client thread/INFO] [ModBlockDelegate] Registered IModBlockHandler journeymap.client.model.mod.BiomesOPlenty for: 'BlockMD [BiomesOPlenty:flowers:2] (NoShadow,Plant,NoTopo)'.
[15:07:37] [Client thread/INFO] [ModBlockDelegate] Registered IModBlockHandler journeymap.client.model.mod.BiomesOPlenty for: 'BlockMD [BiomesOPlenty:flowers:3] (NoShadow,Plant,NoTopo)'.
[15:07:37] [Client thread/INFO] [ModBlockDelegate] Registered IModBlockHandler journeymap.client.model.mod.BiomesOPlenty for: 'BlockMD [BiomesOPlenty:flowers:4] (NoShadow,Plant,NoTopo)'.
[15:07:37] [Client thread/INFO] [ModBlockDelegate] Registered IModBlockHandler journeymap.client.model.mod.BiomesOPlenty for: 'BlockMD [BiomesOPlenty:flowers:5] (NoShadow,Plant,NoTopo)'.
[15:07:37] [Client thread/INFO] [ModBlockDelegate] Registered IModBlockHandler journeymap.client.model.mod.BiomesOPlenty for: 'BlockMD [BiomesOPlenty:flowers:6] (NoShadow,Plant,NoTopo)'.
[15:07:37] [Client thread/INFO] [ModBlockDelegate] Registered IModBlockHandler journeymap.client.model.mod.BiomesOPlenty for: 'BlockMD [BiomesOPlenty:flowers:7] (NoShadow,Plant,NoTopo)'.
[15:07:37] [Client thread/INFO] [ModBlockDelegate] Registered IModBlockHandler journeymap.client.model.mod.BiomesOPlenty for: 'BlockMD [BiomesOPlenty:flowers:8] (NoShadow,Plant,NoTopo)'.
[15:07:37] [Client thread/INFO] [ModBlockDelegate] Registered IModBlockHandler journeymap.client.model.mod.BiomesOPlenty for: 'BlockMD [BiomesOPlenty:flowers:9] (NoShadow,Plant,NoTopo)'.
[15:07:37] [Client thread/INFO] [ModBlockDelegate] Registered IModBlockHandler journeymap.client.model.mod.BiomesOPlenty for: 'BlockMD [BiomesOPlenty:flowers:10] (NoShadow,Plant,NoTopo)'.
[15:07:37] [Client thread/INFO] [ModBlockDelegate] Registered IModBlockHandler journeymap.client.model.mod.BiomesOPlenty for: 'BlockMD [BiomesOPlenty:flowers:11] (NoShadow,Plant,NoTopo)'.
[15:07:37] [Client thread/INFO] [ModBlockDelegate] Registered IModBlockHandler journeymap.client.model.mod.BiomesOPlenty for: 'BlockMD [BiomesOPlenty:flowers:12] (NoShadow,Plant,NoTopo)'.
[15:07:37] [Client thread/INFO] [ModBlockDelegate] Registered IModBlockHandler journeymap.client.model.mod.BiomesOPlenty for: 'BlockMD [BiomesOPlenty:flowers:13] (NoShadow,Plant,NoTopo)'.
[15:07:37] [Client thread/INFO] [ModBlockDelegate] Registered IModBlockHandler journeymap.client.model.mod.BiomesOPlenty for: 'BlockMD [BiomesOPlenty:flowers:15] (NoShadow,Plant,NoTopo)'.
[15:07:37] [Client thread/INFO] [ModBlockDelegate] Registered IModBlockHandler journeymap.client.model.mod.BiomesOPlenty for: 'BlockMD [BiomesOPlenty:flowers2:0] (NoShadow,Plant,NoTopo)'.
[15:07:37] [Client thread/INFO] [ModBlockDelegate] Registered IModBlockHandler journeymap.client.model.mod.BiomesOPlenty for: 'BlockMD [BiomesOPlenty:flowers2:1] (NoShadow,Plant,NoTopo)'.
[15:07:37] [Client thread/INFO] [ModBlockDelegate] Registered IModBlockHandler journeymap.client.model.mod.BiomesOPlenty for: 'BlockMD [BiomesOPlenty:flowers2:2] (NoShadow,Plant,NoTopo)'.
[15:07:37] [Client thread/INFO] [ModBlockDelegate] Registered IModBlockHandler journeymap.client.model.mod.BiomesOPlenty for: 'BlockMD [BiomesOPlenty:flowers2:3] (NoShadow,Plant,NoTopo)'.
[15:07:37] [Client thread/INFO] [ModBlockDelegate] Registered IModBlockHandler journeymap.client.model.mod.BiomesOPlenty for: 'BlockMD [BiomesOPlenty:flowers2:4] (NoShadow,Plant,NoTopo)'.
[15:07:37] [Client thread/INFO] [ModBlockDelegate] Registered IModBlockHandler journeymap.client.model.mod.BiomesOPlenty for: 'BlockMD [BiomesOPlenty:flowers2:5] (NoShadow,Plant,NoTopo)'.
[15:07:37] [Client thread/INFO] [ModBlockDelegate] Registered IModBlockHandler journeymap.client.model.mod.BiomesOPlenty for: 'BlockMD [BiomesOPlenty:flowers2:6] (NoShadow,Plant,NoTopo)'.
[15:07:37] [Client thread/INFO] [ModBlockDelegate] Registered IModBlockHandler journeymap.client.model.mod.BiomesOPlenty for: 'BlockMD [BiomesOPlenty:flowers2:7] (NoShadow,Plant,NoTopo)'.
[15:07:37] [Client thread/INFO] [ModBlockDelegate] Registered IModBlockHandler journeymap.client.model.mod.BiomesOPlenty for: 'BlockMD [BiomesOPlenty:flowers2:8] (NoShadow,Plant,NoTopo)'.
[15:07:37] [Client thread/INFO] [ModBlockDelegate] Registered IModBlockHandler journeymap.client.model.mod.BiomesOPlenty for: 'BlockMD [BiomesOPlenty:mushrooms:0] (NoShadow,Plant,NoTopo)'.
[15:07:37] [Client thread/INFO] [ModBlockDelegate] Registered IModBlockHandler journeymap.client.model.mod.BiomesOPlenty for: 'BlockMD [BiomesOPlenty:mushrooms:1] (NoShadow,Plant,NoTopo)'.
[15:07:37] [Client thread/INFO] [ModBlockDelegate] Registered IModBlockHandler journeymap.client.model.mod.BiomesOPlenty for: 'BlockMD [BiomesOPlenty:mushrooms:2] (NoShadow,Plant,NoTopo)'.
[15:07:37] [Client thread/INFO] [ModBlockDelegate] Registered IModBlockHandler journeymap.client.model.mod.BiomesOPlenty for: 'BlockMD [BiomesOPlenty:mushrooms:3] (NoShadow,Plant,NoTopo)'.
[15:07:37] [Client thread/INFO] [ModBlockDelegate] Registered IModBlockHandler journeymap.client.model.mod.BiomesOPlenty for: 'BlockMD [BiomesOPlenty:mushrooms:4] (NoShadow,Plant,NoTopo)'.
[15:07:37] [Client thread/INFO] [ModBlockDelegate] Registered IModBlockHandler journeymap.client.model.mod.BiomesOPlenty for: 'BlockMD [BiomesOPlenty:mushrooms:5] (NoShadow,Plant,NoTopo)'.
[15:07:37] [Client thread/INFO] [ModBlockDelegate] Registered IModBlockHandler journeymap.client.model.mod.BiomesOPlenty for: 'BlockMD [BiomesOPlenty:ivy:0] (CustomBiomeColor,Foliage,OpenToSky,NoShadow,Transparency,Plant,NoTopo)'.
[15:07:37] [Client thread/INFO] [ModBlockDelegate] Registered IModBlockHandler journeymap.client.model.mod.BiomesOPlenty for: 'BlockMD [BiomesOPlenty:treeMoss:0] (CustomBiomeColor,Foliage,OpenToSky,NoShadow,Transparency,Plant,NoTopo)'.
[15:07:37] [Client thread/INFO] [ModBlockDelegate] Registered IModBlockHandler journeymap.client.model.mod.BiomesOPlenty for: 'BlockMD [BiomesOPlenty:flowerVine:0] (CustomBiomeColor,Foliage,OpenToSky,NoShadow,Transparency,Plant,NoTopo)'.
[15:07:37] [Client thread/INFO] [ModBlockDelegate] Registered IModBlockHandler journeymap.client.model.mod.BiomesOPlenty for: 'BlockMD [BiomesOPlenty:turnip:0] (NoShadow,Crop,NoTopo)'.
[15:07:37] [Client thread/INFO] [ModBlockDelegate] Registered IModBlockHandler journeymap.client.model.mod.BiomesOPlenty for: 'BlockMD [BiomesOPlenty:moss:0] (CustomBiomeColor,Foliage,OpenToSky,NoShadow,Transparency,Plant,NoTopo)'.
[15:07:37] [Client thread/INFO] [ModBlockDelegate] Registered IModBlockHandler journeymap.client.model.mod.BiomesOPlenty for: 'BlockMD [BiomesOPlenty:longGrass:0] (Plant)'.
[15:07:37] [Client thread/INFO] [ModBlockDelegate] Registered IModBlockHandler journeymap.client.model.mod.BiomesOPlenty for: 'BlockMD [BiomesOPlenty:saplings:0] (NoShadow,Plant,NoTopo)'.
[15:07:37] [Client thread/INFO] [ModBlockDelegate] Registered IModBlockHandler journeymap.client.model.mod.BiomesOPlenty for: 'BlockMD [BiomesOPlenty:saplings:1] (NoShadow,Plant,NoTopo)'.
[15:07:37] [Client thread/INFO] [ModBlockDelegate] Registered IModBlockHandler journeymap.client.model.mod.BiomesOPlenty for: 'BlockMD [BiomesOPlenty:saplings:2] (NoShadow,Plant,NoTopo)'.
[15:07:37] [Client thread/INFO] [ModBlockDelegate] Registered IModBlockHandler journeymap.client.model.mod.BiomesOPlenty for: 'BlockMD [BiomesOPlenty:saplings:3] (NoShadow,Plant,NoTopo)'.
[15:07:37] [Client thread/INFO] [ModBlockDelegate] Registered IModBlockHandler journeymap.client.model.mod.BiomesOPlenty for: 'BlockMD [BiomesOPlenty:saplings:4] (NoShadow,Plant,NoTopo)'.
[15:07:37] [Client thread/INFO] [ModBlockDelegate] Registered IModBlockHandler journeymap.client.model.mod.BiomesOPlenty for: 'BlockMD [BiomesOPlenty:saplings:5] (NoShadow,Plant,NoTopo)'.
[15:07:37] [Client thread/INFO] [ModBlockDelegate] Registered IModBlockHandler journeymap.client.model.mod.BiomesOPlenty for: 'BlockMD [BiomesOPlenty:saplings:6] (NoShadow,Plant,NoTopo)'.
[15:07:37] [Client thread/INFO] [ModBlockDelegate] Registered IModBlockHandler journeymap.client.model.mod.BiomesOPlenty for: 'BlockMD [BiomesOPlenty:saplings:7] (NoShadow,Plant,NoTopo)'.
[15:07:37] [Client thread/INFO] [ModBlockDelegate] Registered IModBlockHandler journeymap.client.model.mod.BiomesOPlenty for: 'BlockMD [BiomesOPlenty:saplings:8] (NoShadow,Plant,NoTopo)'.
[15:07:37] [Client thread/INFO] [ModBlockDelegate] Registered IModBlockHandler journeymap.client.model.mod.BiomesOPlenty for: 'BlockMD [BiomesOPlenty:saplings:9] (NoShadow,Plant,NoTopo)'.
[15:07:37] [Client thread/INFO] [ModBlockDelegate] Registered IModBlockHandler journeymap.client.model.mod.BiomesOPlenty for: 'BlockMD [BiomesOPlenty:saplings:10] (NoShadow,Plant,NoTopo)'.
[15:07:37] [Client thread/INFO] [ModBlockDelegate] Registered IModBlockHandler journeymap.client.model.mod.BiomesOPlenty for: 'BlockMD [BiomesOPlenty:saplings:11] (NoShadow,Plant,NoTopo)'.
[15:07:37] [Client thread/INFO] [ModBlockDelegate] Registered IModBlockHandler journeymap.client.model.mod.BiomesOPlenty for: 'BlockMD [BiomesOPlenty:saplings:12] (NoShadow,Plant,NoTopo)'.
[15:07:37] [Client thread/INFO] [ModBlockDelegate] Registered IModBlockHandler journeymap.client.model.mod.BiomesOPlenty for: 'BlockMD [BiomesOPlenty:saplings:13] (NoShadow,Plant,NoTopo)'.
[15:07:37] [Client thread/INFO] [ModBlockDelegate] Registered IModBlockHandler journeymap.client.model.mod.BiomesOPlenty for: 'BlockMD [BiomesOPlenty:saplings:14] (NoShadow,Plant,NoTopo)'.
[15:07:37] [Client thread/INFO] [ModBlockDelegate] Registered IModBlockHandler journeymap.client.model.mod.BiomesOPlenty for: 'BlockMD [BiomesOPlenty:saplings:15] (NoShadow,Plant,NoTopo)'.
[15:07:37] [Client thread/INFO] [ModBlockDelegate] Registered IModBlockHandler journeymap.client.model.mod.BiomesOPlenty for: 'BlockMD [BiomesOPlenty:colorizedSaplings:0] (NoShadow,Plant,NoTopo)'.
[15:07:37] [Client thread/INFO] [ModBlockDelegate] Registered IModBlockHandler journeymap.client.model.mod.BiomesOPlenty for: 'BlockMD [BiomesOPlenty:colorizedSaplings:1] (NoShadow,Plant,NoTopo)'.
[15:07:37] [Client thread/INFO] [ModBlockDelegate] Registered IModBlockHandler journeymap.client.model.mod.BiomesOPlenty for: 'BlockMD [BiomesOPlenty:colorizedSaplings:2] (NoShadow,Plant,NoTopo)'.
[15:07:37] [Client thread/INFO] [ModBlockDelegate] Registered IModBlockHandler journeymap.client.model.mod.BiomesOPlenty for: 'BlockMD [BiomesOPlenty:colorizedSaplings:3] (NoShadow,Plant,NoTopo)'.
[15:07:37] [Client thread/INFO] [ModBlockDelegate] Registered IModBlockHandler journeymap.client.model.mod.BiomesOPlenty for: 'BlockMD [BiomesOPlenty:colorizedSaplings:4] (NoShadow,Plant,NoTopo)'.
[15:07:37] [Client thread/INFO] [ModBlockDelegate] Registered IModBlockHandler journeymap.client.model.mod.BiomesOPlenty for: 'BlockMD [BiomesOPlenty:colorizedSaplings:5] (NoShadow,Plant,NoTopo)'.
[15:07:37] [Client thread/INFO] [ModBlockDelegate] Registered IModBlockHandler journeymap.client.model.mod.BiomesOPlenty for: 'BlockMD [BiomesOPlenty:colorizedSaplings:6] (NoShadow,Plant,NoTopo)'.
[15:07:37] [Client thread/INFO] [ModBlockDelegate] Registered IModBlockHandler journeymap.client.model.mod.BiomesOPlenty for: 'BlockMD [BiomesOPlenty:colorizedSaplings:7] (NoShadow,Plant,NoTopo)'.
[15:07:37] [Client thread/INFO] [ModBlockDelegate] Registered IModBlockHandler journeymap.client.model.mod.CarpentersBlocks$CommonHandler for: 'BlockMD [CarpentersBlocks:blockCarpentersBlock:0] (SpecialHandling)'.
[15:07:37] [Client thread/INFO] [ModBlockDelegate] Registered IModBlockHandler journeymap.client.model.mod.CarpentersBlocks$CommonHandler for: 'BlockMD [CarpentersBlocks:blockCarpentersBarrier:0] (SpecialHandling)'.
[15:07:37] [Client thread/INFO] [ModBlockDelegate] Registered IModBlockHandler journeymap.client.model.mod.CarpentersBlocks$CommonHandler for: 'BlockMD [CarpentersBlocks:blockCarpentersBed:0] (SpecialHandling)'.
[15:07:37] [Client thread/INFO] [ModBlockDelegate] Registered IModBlockHandler journeymap.client.model.mod.CarpentersBlocks$CommonHandler for: 'BlockMD [CarpentersBlocks:blockCarpentersButton:0] (SpecialHandling)'.
[15:07:37] [Client thread/INFO] [ModBlockDelegate] Registered IModBlockHandler journeymap.client.model.mod.CarpentersBlocks$CommonHandler for: 'BlockMD [CarpentersBlocks:blockCarpentersCollapsibleBlock:0] (SpecialHandling)'.
[15:07:37] [Client thread/INFO] [ModBlockDelegate] Registered IModBlockHandler journeymap.client.model.mod.CarpentersBlocks$CommonHandler for: 'BlockMD [CarpentersBlocks:blockCarpentersDaylightSensor:0] (SpecialHandling)'.
[15:07:37] [Client thread/INFO] [ModBlockDelegate] Registered IModBlockHandler journeymap.client.model.mod.CarpentersBlocks$CommonHandler for: 'BlockMD [CarpentersBlocks:blockCarpentersDoor:0] (SpecialHandling)'.
[15:07:37] [Client thread/INFO] [ModBlockDelegate] Registered IModBlockHandler journeymap.client.model.mod.CarpentersBlocks$CommonHandler for: 'BlockMD [CarpentersBlocks:blockCarpentersFlowerPot:0] (SpecialHandling)'.
[15:07:37] [Client thread/INFO] [ModBlockDelegate] Registered IModBlockHandler journeymap.client.model.mod.CarpentersBlocks$CommonHandler for: 'BlockMD [CarpentersBlocks:blockCarpentersGarageDoor:0] (SpecialHandling)'.
[15:07:37] [Client thread/INFO] [ModBlockDelegate] Registered IModBlockHandler journeymap.client.model.mod.CarpentersBlocks$CommonHandler for: 'BlockMD [CarpentersBlocks:blockCarpentersGate:0] (SpecialHandling)'.
[15:07:37] [Client thread/INFO] [ModBlockDelegate] Registered IModBlockHandler journeymap.client.model.mod.CarpentersBlocks$CommonHandler for: 'BlockMD [CarpentersBlocks:blockCarpentersHatch:0] (SpecialHandling)'.
[15:07:37] [Client thread/INFO] [ModBlockDelegate] Registered IModBlockHandler journeymap.client.model.mod.CarpentersBlocks$CommonHandler for: 'BlockMD [CarpentersBlocks:blockCarpentersLadder:0] (OpenToSky,SpecialHandling)'.
[15:07:37] [Client thread/INFO] [ModBlockDelegate] Registered IModBlockHandler journeymap.client.model.mod.CarpentersBlocks$CommonHandler for: 'BlockMD [CarpentersBlocks:blockCarpentersLever:0] (SpecialHandling)'.
[15:07:37] [Client thread/INFO] [ModBlockDelegate] Registered IModBlockHandler journeymap.client.model.mod.CarpentersBlocks$CommonHandler for: 'BlockMD [CarpentersBlocks:blockCarpentersPressurePlate:0] (SpecialHandling)'.
[15:07:37] [Client thread/INFO] [ModBlockDelegate] Registered IModBlockHandler journeymap.client.model.mod.CarpentersBlocks$CommonHandler for: 'BlockMD [CarpentersBlocks:blockCarpentersSafe:0] (SpecialHandling)'.
[15:07:37] [Client thread/INFO] [ModBlockDelegate] Registered IModBlockHandler journeymap.client.model.mod.CarpentersBlocks$CommonHandler for: 'BlockMD [CarpentersBlocks:blockCarpentersSlope:0] (SpecialHandling)'.
[15:07:37] [Client thread/INFO] [ModBlockDelegate] Registered IModBlockHandler journeymap.client.model.mod.CarpentersBlocks$CommonHandler for: 'BlockMD [CarpentersBlocks:blockCarpentersSlope:1] (SpecialHandling)'.
[15:07:37] [Client thread/INFO] [ModBlockDelegate] Registered IModBlockHandler journeymap.client.model.mod.CarpentersBlocks$CommonHandler for: 'BlockMD [CarpentersBlocks:blockCarpentersSlope:2] (SpecialHandling)'.
[15:07:37] [Client thread/INFO] [ModBlockDelegate] Registered IModBlockHandler journeymap.client.model.mod.CarpentersBlocks$CommonHandler for: 'BlockMD [CarpentersBlocks:blockCarpentersSlope:3] (SpecialHandling)'.
[15:07:37] [Client thread/INFO] [ModBlockDelegate] Registered IModBlockHandler journeymap.client.model.mod.CarpentersBlocks$CommonHandler for: 'BlockMD [CarpentersBlocks:blockCarpentersSlope:4] (SpecialHandling)'.
[15:07:37] [Client thread/INFO] [ModBlockDelegate] Registered IModBlockHandler journeymap.client.model.mod.CarpentersBlocks$CommonHandler for: 'BlockMD [CarpentersBlocks:blockCarpentersStairs:0] (SpecialHandling)'.
[15:07:37] [Client thread/INFO] [BlockMD] Built BlockMD cache (23127) : BlockMD.reset count 1 avg 111.19ms
[15:07:37] [Client thread/INFO] [ColorHelper_1_7_10] initBlocksTexture: 4096x4096 loaded in 140.796083ms
[15:07:37] [Client thread/INFO] [ColorPalette] Existing color palette's resource packs and mod names match current loadout.
[15:07:37] [Client thread/INFO] [ColorManager] Loaded 19026 block colors from color palette file in 17ms: /Users/haopuyang/Library/Application Support/PrismLauncher/instances/GT_New_Horizons_2.8.4_Java_17-25/.minecraft/journeymap/colorpalette.json
[15:07:37] [Client thread/INFO] [ColorManager] Initialized 182 block colors from mods and resource packs in 22ms
[15:07:37] [Client thread/WARN] [ColorPalette] Block with Error flag won't be saved to color palette: BlockMD [tectech:Eye of Harmony Renderer:0] (Transparency,Error)
[15:07:37] [Client thread/WARN] [ColorPalette] Block with Error flag won't be saved to color palette: BlockMD [catwalks:cagedLadder_south_unlit_nobottom_tape:0] (Transparency,Error)
[15:07:37] [Client thread/WARN] [ColorPalette] Block with Error flag won't be saved to color palette: BlockMD [DraconicEvolution:reactorCore:0] (Transparency,Error)
[15:07:37] [Client thread/WARN] [ColorPalette] Block with Error flag won't be saved to color palette: BlockMD [WarpTheory:blockVanish:0] (Transparency,Error)
[15:07:37] [Client thread/WARN] [ColorPalette] Block with Error flag won't be saved to color palette: BlockMD [DraconicEvolution:reactorStabilizer:0] (Transparency,Error)
[15:07:37] [Client thread/WARN] [ColorPalette] Block with Error flag won't be saved to color palette: BlockMD [catwalks:cagedLadder_west_lit_nobottom:0] (Transparency,Error)
[15:07:37] [Client thread/WARN] [ColorPalette] Block with Error flag won't be saved to color palette: BlockMD [catwalks:cagedLadder_north_lit:0] (Transparency,Error)
[15:07:37] [Client thread/WARN] [ColorPalette] Block with Error flag won't be saved to color palette: BlockMD [catwalks:cagedLadder_south_lit_nobottom:0] (Transparency,Error)
[15:07:37] [Client thread/WARN] [ColorPalette] Block with Error flag won't be saved to color palette: BlockMD [CarpentersBlocks:blockCarpentersStairs:0] (Transparency,Error,SpecialHandling)
[15:07:37] [Client thread/WARN] [ColorPalette] Block with Error flag won't be saved to color palette: BlockMD [gregtech:gt.nanoforgerenderer:0] (Transparency,Error)
[15:07:37] [Client thread/WARN] [ColorPalette] Block with Error flag won't be saved to color palette: BlockMD [catwalks:cagedLadder_west_unlit:0] (Transparency,Error)
[15:07:37] [Client thread/WARN] [ColorPalette] Block with Error flag won't be saved to color palette: BlockMD [catwalks:catwalk_unlit_nobottom_tape:0] (Transparency,Error)
[15:07:37] [Client thread/WARN] [ColorPalette] Block with Error flag won't be saved to color palette: BlockMD [CarpentersBlocks:blockCarpentersSafe:0] (Transparency,Error,SpecialHandling)
[15:07:37] [Client thread/WARN] [ColorPalette] Block with Error flag won't be saved to color palette: BlockMD [catwalks:cagedLadder_east_unlit_nobottom_tape:0] (Transparency,Error)
[15:07:37] [Client thread/WARN] [ColorPalette] Block with Error flag won't be saved to color palette: BlockMD [CarpentersBlocks:blockCarpentersBlock:0] (Transparency,Error,SpecialHandling)
[15:07:37] [Client thread/WARN] [ColorPalette] Block with Error flag won't be saved to color palette: BlockMD [catwalks:catwalk_lit:0] (Transparency,Error)
[15:07:37] [Client thread/WARN] [ColorPalette] Block with Error flag won't be saved to color palette: BlockMD [EMT:electricCloud:0] (Transparency,Error)
[15:07:37] [Client thread/WARN] [ColorPalette] Block with Error flag won't be saved to color palette: BlockMD [catwalks:cagedLadder_east_lit_nobottom_tape:0] (Transparency,Error)
[15:07:37] [Client thread/WARN] [ColorPalette] Block with Error flag won't be saved to color palette: BlockMD [catwalks:cagedLadder_north_lit_tape:0] (Transparency,Error)
[15:07:37] [Client thread/WARN] [ColorPalette] Block with Error flag won't be saved to color palette: BlockMD [catwalks:cagedLadder_east_lit:0] (Transparency,Error)
[15:07:37] [Client thread/WARN] [ColorPalette] Block with Error flag won't be saved to color palette: BlockMD [catwalks:cagedLadder_south_unlit_nobottom:0] (Transparency,Error)
[15:07:37] [Client thread/WARN] [ColorPalette] Block with Error flag won't be saved to color palette: BlockMD [catwalks:cagedLadder_north_unlit:0] (Transparency,Error)
[15:07:37] [Client thread/WARN] [ColorPalette] Block with Error flag won't be saved to color palette: BlockMD [catwalks:cagedLadder_west_unlit_nobottom_tape:0] (Transparency,Error)
[15:07:37] [Client thread/WARN] [ColorPalette] Block with Error flag won't be saved to color palette: BlockMD [CarpentersBlocks:blockCarpentersLadder:0] (OpenToSky,Transparency,Error,SpecialHandling)
[15:07:37] [Client thread/WARN] [ColorPalette] Block with Error flag won't be saved to color palette: BlockMD [catwalks:cagedLadder_north_unlit_nobottom:0] (Transparency,Error)
[15:07:37] [Client thread/WARN] [ColorPalette] Block with Error flag won't be saved to color palette: BlockMD [catwalks:cagedLadder_south_lit_tape:0] (Transparency,Error)
[15:07:37] [Client thread/WARN] [ColorPalette] Block with Error flag won't be saved to color palette: BlockMD [catwalks:cagedLadder_east_lit_tape:0] (Transparency,Error)
[15:07:37] [Client thread/WARN] [ColorPalette] Block with Error flag won't be saved to color palette: BlockMD [catwalks:catwalk_lit_nobottom:0] (Transparency,Error)
[15:07:37] [Client thread/WARN] [ColorPalette] Block with Error flag won't be saved to color palette: BlockMD [TwilightForest:tile.CastleDoorVanished:3] (OpenToSky,Transparency,Error,TransparentRoof)
[15:07:37] [Client thread/WARN] [ColorPalette] Block with Error flag won't be saved to color palette: BlockMD [TwilightForest:tile.CastleDoorVanished:2] (OpenToSky,Transparency,Error,TransparentRoof)
[15:07:37] [Client thread/WARN] [ColorPalette] Block with Error flag won't be saved to color palette: BlockMD [TwilightForest:tile.CastleDoorVanished:1] (OpenToSky,Transparency,Error,TransparentRoof)
[15:07:37] [Client thread/WARN] [ColorPalette] Block with Error flag won't be saved to color palette: BlockMD [TwilightForest:tile.CastleDoorVanished:0] (OpenToSky,Transparency,Error,TransparentRoof)
[15:07:37] [Client thread/WARN] [ColorPalette] Block with Error flag won't be saved to color palette: BlockMD [catwalks:cagedLadder_south_lit_nobottom_tape:0] (Transparency,Error)
[15:07:37] [Client thread/WARN] [ColorPalette] Block with Error flag won't be saved to color palette: BlockMD [ThaumicHorizons:lightSolar:0] (Transparency,Error)
[15:07:37] [Client thread/WARN] [ColorPalette] Block with Error flag won't be saved to color palette: BlockMD [GalacticraftCore:tile.viewScreen:0] (Transparency,Error)
[15:07:37] [Client thread/WARN] [ColorPalette] Block with Error flag won't be saved to color palette: BlockMD [catwalks:cagedLadder_north_lit_nobottom_tape:0] (Transparency,Error)
[15:07:37] [Client thread/WARN] [ColorPalette] Block with Error flag won't be saved to color palette: BlockMD [ForgeMultipart:block:0] (Transparency,Error)
[15:07:37] [Client thread/WARN] [ColorPalette] Block with Error flag won't be saved to color palette: BlockMD [catwalks:catwalk_lit_nobottom_tape:0] (Transparency,Error)
[15:07:37] [Client thread/WARN] [ColorPalette] Block with Error flag won't be saved to color palette: BlockMD [CarpentersBlocks:blockCarpentersCollapsibleBlock:0] (Transparency,Error,SpecialHandling)
[15:07:37] [Client thread/WARN] [ColorPalette] Block with Error flag won't be saved to color palette: BlockMD [chisel:glass_pane:4] (OpenToSky,Transparency,Error,TransparentRoof)
[15:07:37] [Client thread/WARN] [ColorPalette] Block with Error flag won't be saved to color palette: BlockMD [gregtech:gt.wormholerenderer:0] (Transparency,Error)
[15:07:37] [Client thread/WARN] [ColorPalette] Block with Error flag won't be saved to color palette: BlockMD [EnderIO:blockFusedQuartz:1] (OpenToSky,Transparency,Error,TransparentRoof)
[15:07:37] [Client thread/WARN] [ColorPalette] Block with Error flag won't be saved to color palette: BlockMD [EnderIO:blockFusedQuartz:3] (OpenToSky,Transparency,Error,TransparentRoof)
[15:07:37] [Client thread/WARN] [ColorPalette] Block with Error flag won't be saved to color palette: BlockMD [DraconicEvolution:portal:0] (Transparency,Error)
[15:07:37] [Client thread/WARN] [ColorPalette] Block with Error flag won't be saved to color palette: BlockMD [catwalks:cagedLadder_west_lit_tape:0] (Transparency,Error)
[15:07:37] [Client thread/WARN] [ColorPalette] Block with Error flag won't be saved to color palette: BlockMD [DraconicEvolution:chaosCrystal:0] (Transparency,Error)
[15:07:37] [Client thread/WARN] [ColorPalette] Block with Error flag won't be saved to color palette: BlockMD [CarpentersBlocks:blockCarpentersButton:0] (Transparency,Error,SpecialHandling)
[15:07:37] [Client thread/WARN] [ColorPalette] Block with Error flag won't be saved to color palette: BlockMD [EnderIO:blockFusedQuartz:5] (OpenToSky,Transparency,Error,TransparentRoof)
[15:07:37] [Client thread/WARN] [ColorPalette] Block with Error flag won't be saved to color palette: BlockMD [catwalks:catwalk_lit_tape:0] (Transparency,Error)
[15:07:37] [Client thread/WARN] [ColorPalette] Block with Error flag won't be saved to color palette: BlockMD [catwalks:cagedLadder_south_unlit:0] (Transparency,Error)
[15:07:37] [Client thread/WARN] [ColorPalette] Block with Error flag won't be saved to color palette: BlockMD [catwalks:cagedLadder_east_unlit:0] (Transparency,Error)
[15:07:37] [Client thread/WARN] [ColorPalette] Block with Error flag won't be saved to color palette: BlockMD [TwilightForest:tile.HugeLilyPad:0] (NoShadow,Transparency,Error,Plant,NoTopo)
[15:07:37] [Client thread/WARN] [ColorPalette] Block with Error flag won't be saved to color palette: BlockMD [gadomancy:BlockAdditionalEldritchPortal:0] (Transparency,Error)
[15:07:37] [Client thread/WARN] [ColorPalette] Block with Error flag won't be saved to color palette: BlockMD [catwalks:cagedLadder_west_unlit_tape:0] (Transparency,Error)
[15:07:37] [Client thread/WARN] [ColorPalette] Block with Error flag won't be saved to color palette: BlockMD [catwalks:cagedLadder_east_unlit_tape:0] (Transparency,Error)
[15:07:37] [Client thread/WARN] [ColorPalette] Block with Error flag won't be saved to color palette: BlockMD [Thaumcraft:blockAiry:0] (Transparency,Error)
[15:07:37] [Client thread/WARN] [ColorPalette] Block with Error flag won't be saved to color palette: BlockMD [AWWayofTime:spectralContainer:0] (Transparency,Error)
[15:07:37] [Client thread/WARN] [ColorPalette] Block with Error flag won't be saved to color palette: BlockMD [CarpentersBlocks:blockCarpentersHatch:0] (Transparency,Error,SpecialHandling)
[15:07:37] [Client thread/WARN] [ColorPalette] Block with Error flag won't be saved to color palette: BlockMD [ThaumicExploration:thinkTankJar:0] (OpenToSky,Transparency,Error,TransparentRoof)
[15:07:37] [Client thread/WARN] [ColorPalette] Block with Error flag won't be saved to color palette: BlockMD [Thaumcraft:blockEldritchNothing:0] (Transparency,Error)
[15:07:37] [Client thread/WARN] [ColorPalette] Block with Error flag won't be saved to color palette: BlockMD [Thaumcraft:blockPortalEldritch:0] (Transparency,Error)
[15:07:37] [Client thread/WARN] [ColorPalette] Block with Error flag won't be saved to color palette: BlockMD [CarpentersBlocks:blockCarpentersGarageDoor:0] (Transparency,Error,SpecialHandling)
[15:07:37] [Client thread/WARN] [ColorPalette] Block with Error flag won't be saved to color palette: BlockMD [witchery:force:0] (Transparency,Error)
[15:07:37] [Client thread/WARN] [ColorPalette] Block with Error flag won't be saved to color palette: BlockMD [CarpentersBlocks:blockCarpentersBed:0] (Transparency,Error,SpecialHandling)
[15:07:37] [Client thread/WARN] [ColorPalette] Block with Error flag won't be saved to color palette: BlockMD [tectech:ForgeOfGodsRenderBlock:0] (Transparency,Error)
[15:07:37] [Client thread/WARN] [ColorPalette] Block with Error flag won't be saved to color palette: BlockMD [catwalks:cagedLadder_east_lit_nobottom:0] (Transparency,Error)
[15:07:37] [Client thread/WARN] [ColorPalette] Block with Error flag won't be saved to color palette: BlockMD [catwalks:cagedLadder_east_unlit_nobottom:0] (Transparency,Error)
[15:07:37] [Client thread/WARN] [ColorPalette] Block with Error flag won't be saved to color palette: BlockMD [catwalks:cagedLadder_south_lit:0] (Transparency,Error)
[15:07:37] [Client thread/WARN] [ColorPalette] Block with Error flag won't be saved to color palette: BlockMD [catwalks:cagedLadder_north_unlit_tape:0] (Transparency,Error)
[15:07:37] [Client thread/WARN] [ColorPalette] Block with Error flag won't be saved to color palette: BlockMD [gregtech:tile.gt.dronerender:0] (Transparency,Error)
[15:07:37] [Client thread/WARN] [ColorPalette] Block with Error flag won't be saved to color palette: BlockMD [catwalks:cagedLadder_west_lit_nobottom_tape:0] (Transparency,Error)
[15:07:37] [Client thread/WARN] [ColorPalette] Block with Error flag won't be saved to color palette: BlockMD [AWWayofTime:bloodLight:0] (Transparency,Error)
[15:07:37] [Client thread/WARN] [ColorPalette] Block with Error flag won't be saved to color palette: BlockMD [catwalks:catwalk_unlit_tape:0] (Transparency,Error)
[15:07:37] [Client thread/WARN] [ColorPalette] Block with Error flag won't be saved to color palette: BlockMD [WitchingGadgets:WG_CustomAir:0] (Transparency,Error)
[15:07:37] [Client thread/WARN] [ColorPalette] Block with Error flag won't be saved to color palette: BlockMD [gregtech:gt.blackholerenderer:0] (Transparency,Error)
[15:07:37] [Client thread/WARN] [ColorPalette] Block with Error flag won't be saved to color palette: BlockMD [CarpentersBlocks:blockCarpentersSlope:3] (Transparency,Error,SpecialHandling)
[15:07:37] [Client thread/WARN] [ColorPalette] Block with Error flag won't be saved to color palette: BlockMD [CarpentersBlocks:blockCarpentersSlope:4] (Transparency,Error,SpecialHandling)
[15:07:37] [Client thread/WARN] [ColorPalette] Block with Error flag won't be saved to color palette: BlockMD [CarpentersBlocks:blockCarpentersSlope:0] (Transparency,Error,SpecialHandling)
[15:07:37] [Client thread/WARN] [ColorPalette] Block with Error flag won't be saved to color palette: BlockMD [CarpentersBlocks:blockCarpentersSlope:1] (Transparency,Error,SpecialHandling)
[15:07:37] [Client thread/WARN] [ColorPalette] Block with Error flag won't be saved to color palette: BlockMD [CarpentersBlocks:blockCarpentersSlope:2] (Transparency,Error,SpecialHandling)
[15:07:37] [Client thread/WARN] [ColorPalette] Block with Error flag won't be saved to color palette: BlockMD [catwalks:catwalk_unlit_nobottom:0] (Transparency,Error)
[15:07:37] [Client thread/WARN] [ColorPalette] Block with Error flag won't be saved to color palette: BlockMD [ThaumicHorizons:light:0] (Transparency,Error)
[15:07:37] [Client thread/WARN] [ColorPalette] Block with Error flag won't be saved to color palette: BlockMD [Thaumcraft:blockWarded:0] (Transparency,Error)
[15:07:37] [Client thread/WARN] [ColorPalette] Block with Error flag won't be saved to color palette: BlockMD [catwalks:cagedLadder_north_lit_nobottom:0] (Transparency,Error)
[15:07:37] [Client thread/WARN] [ColorPalette] Block with Error flag won't be saved to color palette: BlockMD [catwalks:cagedLadder_south_unlit_tape:0] (Transparency,Error)
[15:07:37] [Client thread/WARN] [ColorPalette] Block with Error flag won't be saved to color palette: BlockMD [catwalks:cagedLadder_west_lit:0] (Transparency,Error)
[15:07:37] [Client thread/WARN] [ColorPalette] Block with Error flag won't be saved to color palette: BlockMD [DraconicEvolution:earth:0] (Transparency,Error)
[15:07:37] [Client thread/WARN] [ColorPalette] Block with Error flag won't be saved to color palette: BlockMD [catwalks:cagedLadder_west_unlit_nobottom:0] (Transparency,Error)
[15:07:37] [Client thread/WARN] [ColorPalette] Block with Error flag won't be saved to color palette: BlockMD [CarpentersBlocks:blockCarpentersDaylightSensor:0] (Transparency,Error,SpecialHandling)
[15:07:37] [Client thread/WARN] [ColorPalette] Block with Error flag won't be saved to color palette: BlockMD [DraconicEvolution:reactorEnergyInjector:0] (Transparency,Error)
[15:07:37] [Client thread/WARN] [ColorPalette] Block with Error flag won't be saved to color palette: BlockMD [CarpentersBlocks:blockCarpentersGate:0] (Transparency,Error,SpecialHandling)
[15:07:37] [Client thread/WARN] [ColorPalette] Block with Error flag won't be saved to color palette: BlockMD [CarpentersBlocks:blockCarpentersBarrier:0] (Transparency,Error,SpecialHandling)
[15:07:37] [Client thread/WARN] [ColorPalette] Block with Error flag won't be saved to color palette: BlockMD [etfuturum:shulker_box:0] (Transparency,Error)
[15:07:37] [Client thread/WARN] [ColorPalette] Block with Error flag won't be saved to color palette: BlockMD [CarpentersBlocks:blockCarpentersPressurePlate:0] (Transparency,Error,SpecialHandling)
[15:07:37] [Client thread/WARN] [ColorPalette] Block with Error flag won't be saved to color palette: BlockMD [CarpentersBlocks:blockCarpentersDoor:0] (Transparency,Error,SpecialHandling)
[15:07:37] [Client thread/WARN] [ColorPalette] Block with Error flag won't be saved to color palette: BlockMD [catwalks:catwalk_unlit:0] (Transparency,Error)
[15:07:37] [Client thread/WARN] [ColorPalette] Block with Error flag won't be saved to color palette: BlockMD [GoodGenerator:antimatterRenderBlock:0] (Transparency,Error)
[15:07:37] [Client thread/WARN] [ColorPalette] Block with Error flag won't be saved to color palette: BlockMD [Botania:buriedPetals:0] (NoShadow,Transparency,Error,Plant,NoTopo)
[15:07:37] [Client thread/WARN] [ColorPalette] Block with Error flag won't be saved to color palette: BlockMD [Botania:buriedPetals:2] (NoShadow,Transparency,Error,Plant,NoTopo)
[15:07:37] [Client thread/WARN] [ColorPalette] Block with Error flag won't be saved to color palette: BlockMD [Botania:buriedPetals:1] (NoShadow,Transparency,Error,Plant,NoTopo)
[15:07:37] [Client thread/WARN] [ColorPalette] Block with Error flag won't be saved to color palette: BlockMD [Botania:buriedPetals:4] (NoShadow,Transparency,Error,Plant,NoTopo)
[15:07:37] [Client thread/WARN] [ColorPalette] Block with Error flag won't be saved to color palette: BlockMD [Botania:buriedPetals:3] (NoShadow,Transparency,Error,Plant,NoTopo)
[15:07:37] [Client thread/WARN] [ColorPalette] Block with Error flag won't be saved to color palette: BlockMD [Botania:buriedPetals:6] (NoShadow,Transparency,Error,Plant,NoTopo)
[15:07:37] [Client thread/WARN] [ColorPalette] Block with Error flag won't be saved to color palette: BlockMD [Botania:buriedPetals:5] (NoShadow,Transparency,Error,Plant,NoTopo)
[15:07:37] [Client thread/WARN] [ColorPalette] Block with Error flag won't be saved to color palette: BlockMD [Botania:buriedPetals:8] (NoShadow,Transparency,Error,Plant,NoTopo)
[15:07:37] [Client thread/WARN] [ColorPalette] Block with Error flag won't be saved to color palette: BlockMD [Botania:buriedPetals:7] (NoShadow,Transparency,Error,Plant,NoTopo)
[15:07:37] [Client thread/WARN] [ColorPalette] Block with Error flag won't be saved to color palette: BlockMD [Botania:buriedPetals:10] (NoShadow,Transparency,Error,Plant,NoTopo)
[15:07:37] [Client thread/WARN] [ColorPalette] Block with Error flag won't be saved to color palette: BlockMD [Botania:buriedPetals:9] (NoShadow,Transparency,Error,Plant,NoTopo)
[15:07:37] [Client thread/WARN] [ColorPalette] Block with Error flag won't be saved to color palette: BlockMD [Botania:buriedPetals:12] (NoShadow,Transparency,Error,Plant,NoTopo)
[15:07:37] [Client thread/WARN] [ColorPalette] Block with Error flag won't be saved to color palette: BlockMD [Botania:buriedPetals:11] (NoShadow,Transparency,Error,Plant,NoTopo)
[15:07:37] [Client thread/WARN] [ColorPalette] Block with Error flag won't be saved to color palette: BlockMD [Botania:buriedPetals:14] (NoShadow,Transparency,Error,Plant,NoTopo)
[15:07:37] [Client thread/WARN] [ColorPalette] Block with Error flag won't be saved to color palette: BlockMD [Botania:buriedPetals:13] (NoShadow,Transparency,Error,Plant,NoTopo)
[15:07:37] [Client thread/WARN] [ColorPalette] Block with Error flag won't be saved to color palette: BlockMD [Botania:buriedPetals:15] (NoShadow,Transparency,Error,Plant,NoTopo)
[15:07:37] [Client thread/WARN] [ColorPalette] Block with Error flag won't be saved to color palette: BlockMD [catwalks:cagedLadder_north_unlit_nobottom_tape:0] (Transparency,Error)
[15:07:37] [Client thread/INFO] [ColorPalette] Color palette file generated with 19026 colors in 84ms for: /Users/haopuyang/Library/Application Support/PrismLauncher/instances/GT_New_Horizons_2.8.4_Java_17-25/.minecraft/journeymap/colorpalette.json
[15:07:37] [Client thread/INFO] [ColorManager] Updated color palette file: /Users/haopuyang/Library/Application Support/PrismLauncher/instances/GT_New_Horizons_2.8.4_Java_17-25/.minecraft/journeymap/colorpalette.json
[15:09:46] [Client thread/INFO] [WorldInfoHandler] Requesting World ID
[15:09:47] [Client thread/INFO] [WorldInfoHandler$WorldIdListener] Got the World ID from server: f94b7a7e-a243-4db6-b6d9-5772c9d6ec36
[15:09:47] [Client thread/INFO] [JourneymapClient] World UID is set to: f94b7a7e-a243-4db6-b6d9-5772c9d6ec36
[15:09:48] [Client thread/INFO] [WorldInfoHandler$WorldIdListener] Got the World ID from server: f94b7a7e-a243-4db6-b6d9-5772c9d6ec36
[15:09:48] [Client thread/INFO] [JourneymapClient] World UID hasn't changed: f94b7a7e-a243-4db6-b6d9-5772c9d6ec36
[15:09:50] [Client thread/INFO] [WaypointStore] Loaded 5 waypoints from /Users/haopuyang/Library/Application Support/PrismLauncher/instances/GT_New_Horizons_2.8.4_Java_17-25/.minecraft/journeymap/data/mp/TomXia_f94b7a7e~a243~4db6~b6d9~5772c9d6ec36/waypoints
[15:09:50] [Client thread/INFO] [ColorManager] Blocks and textures are current
[15:09:50] [Client thread/INFO] [JourneymapClient] Mapping started in /Users/haopuyang/Library/Application Support/PrismLauncher/instances/GT_New_Horizons_2.8.4_Java_17-25/.minecraft/journeymap/data/mp/TomXia_f94b7a7e~a243~4db6~b6d9~5772c9d6ec36/DIM0. Memory: 4408MB total, 2038MB free 
[15:09:52] [Client thread/INFO] [ChatLog] JourneyMap: Press [J]
[17:47:08] [Client thread/INFO] [JourneymapClient] Mapping halted in /Users/haopuyang/Library/Application Support/PrismLauncher/instances/GT_New_Horizons_2.8.4_Java_17-25/.minecraft/journeymap/data/mp/TomXia_f94b7a7e~a243~4db6~b6d9~5772c9d6ec36/DIM0
[17:47:09] [Client thread/INFO] [MappingMonitorTask] World ID has been reset.
[17:47:09] [Client thread/INFO] [JourneymapClient] World UID is set to: null
[17:47:12] [Client thread/INFO] [WorldInfoHandler] Requesting World ID
[17:47:13] [Client thread/INFO] [WorldInfoHandler$WorldIdListener] Got the World ID from server: f94b7a7e-a243-4db6-b6d9-5772c9d6ec36
[17:47:13] [Client thread/INFO] [JourneymapClient] World UID is set to: f94b7a7e-a243-4db6-b6d9-5772c9d6ec36
[17:47:13] [Client thread/INFO] [WaypointStore] Loaded 5 waypoints from /Users/haopuyang/Library/Application Support/PrismLauncher/instances/GT_New_Horizons_2.8.4_Java_17-25/.minecraft/journeymap/data/mp/TomXia_f94b7a7e~a243~4db6~b6d9~5772c9d6ec36/waypoints
[17:47:13] [Client thread/INFO] [ColorManager] Blocks and textures are current
[17:47:13] [Client thread/INFO] [JourneymapClient] Mapping started in /Users/haopuyang/Library/Application Support/PrismLauncher/instances/GT_New_Horizons_2.8.4_Java_17-25/.minecraft/journeymap/data/mp/TomXia_f94b7a7e~a243~4db6~b6d9~5772c9d6ec36/DIM0. Memory: 7508MB total, 3088MB free 
[17:47:13] [Client thread/INFO] [WorldInfoHandler$WorldIdListener] Got the World ID from server: f94b7a7e-a243-4db6-b6d9-5772c9d6ec36
[17:47:13] [Client thread/INFO] [JourneymapClient] World UID hasn't changed: f94b7a7e-a243-4db6-b6d9-5772c9d6ec36
[17:57:06] [Client thread/INFO] [JourneymapClient] Mapping halted in /Users/haopuyang/Library/Application Support/PrismLauncher/instances/GT_New_Horizons_2.8.4_Java_17-25/.minecraft/journeymap/data/mp/TomXia_f94b7a7e~a243~4db6~b6d9~5772c9d6ec36/DIM0
